{
"/home/dp/dev/perso/yui-unit-test/moveitview.js":{"path":"/home/dp/dev/perso/yui-unit-test/moveitview.js","s":{"1":1,"2":1,"3":1,"4":1,"5":1,"6":2},"b":{},"f":{"1":1,"2":1,"3":2},"fnMap":{"1":{"name":"(anonymous_1)","line":1,"loc":{"start":{"line":1,"column":22},"end":{"line":1,"column":35}}},"2":{"name":"(anonymous_2)","line":26,"loc":{"start":{"line":26,"column":19},"end":{"line":26,"column":32}}},"3":{"name":"(anonymous_3)","line":36,"loc":{"start":{"line":36,"column":16},"end":{"line":36,"column":28}}}},"statementMap":{"1":{"start":{"line":1,"column":0},"end":{"line":42,"column":55}},"2":{"start":{"line":10,"column":4},"end":{"line":10,"column":22}},"3":{"start":{"line":12,"column":4},"end":{"line":41,"column":7}},"4":{"start":{"line":27,"column":12},"end":{"line":27,"column":63}},"5":{"start":{"line":28,"column":12},"end":{"line":28,"column":50}},"6":{"start":{"line":37,"column":12},"end":{"line":39,"column":54}}},"branchMap":{},"l":{"1":1,"10":1,"12":1,"27":1,"28":1,"37":2}}}
